<?xml version="1.0" encoding="UTF-8"?>
<!-- Generated by org.testng.reporters.JUnitReportReporter -->
<testsuite skipped="0" hostname="Testing-PC" name="com.computech.testcases.OrangHRMTest2" tests="1" failures="0" timestamp="27 Jan 2020 12:39:43 GMT" time="10.824" errors="0">
  <testcase name="logout" time="10.824" classname="com.computech.testcases.OrangHRMTest2"/>
</testsuite> <!-- com.computech.testcases.OrangHRMTest2 -->
