<?xml version="1.0" encoding="UTF-8"?>
<!-- Generated by org.testng.reporters.JUnitReportReporter -->
<testsuite skipped="0" hostname="Testing-PC" name="com.computech.testcases.DDFOrangHRMLoginTest2" tests="3" failures="0" timestamp="27 Jan 2020 12:08:25 GMT" time="39.368" errors="0">
  <testcase name="login" time="14.002" classname="com.computech.testcases.DDFOrangHRMLoginTest2"/>
  <testcase name="login" time="11.764" classname="com.computech.testcases.DDFOrangHRMLoginTest2"/>
  <testcase name="login" time="13.602" classname="com.computech.testcases.DDFOrangHRMLoginTest2"/>
</testsuite> <!-- com.computech.testcases.DDFOrangHRMLoginTest2 -->
