<?xml version="1.0" encoding="UTF-8"?>
<!-- Generated by org.testng.reporters.JUnitReportReporter -->
<testsuite skipped="0" hostname="Testing-PC" name="com.computech.testcases.OrangHRMLoginTest1" tests="1" failures="0" timestamp="27 Jan 2020 12:11:48 GMT" time="3.450" errors="0">
  <testcase name="login" time="3.450" classname="com.computech.testcases.OrangHRMLoginTest1"/>
</testsuite> <!-- com.computech.testcases.OrangHRMLoginTest1 -->
