<?xml version="1.0" encoding="UTF-8"?>
<!-- Generated by org.testng.reporters.JUnitReportReporter -->
<testsuite skipped="0" hostname="Testing-PC" name="com.computech.unittests.BrowserAppUnitTest" tests="1" failures="0" timestamp="27 Jan 2020 11:52:32 GMT" time="10.789" errors="0">
  <testcase name="browser" time="10.789" classname="com.computech.unittests.BrowserAppUnitTest"/>
</testsuite> <!-- com.computech.unittests.BrowserAppUnitTest -->
