<?xml version="1.0" encoding="UTF-8"?>
<!-- Generated by org.testng.reporters.JUnitReportReporter -->
<testsuite skipped="0" hostname="Testing-PC" name="com.computech.unittests.ConfigDataUnitTest" tests="1" failures="0" timestamp="27 Jan 2020 11:32:50 GMT" time="0.000" errors="0">
  <testcase name="configUnit" time="0.000" classname="com.computech.unittests.ConfigDataUnitTest"/>
</testsuite> <!-- com.computech.unittests.ConfigDataUnitTest -->
